**** tm_en_gh --rwa --dissipation .
Starting on Tue Apr 26 20:23:12 -0700 2016

This is tm_en_gh                                                         rev.03508eb57aa9da474d018ba0a80756003104b893
 compiled on Tue Mar 22 18:27:41 2016 on host mlhpc2
QDYN 2.0dev revision 50b2d685df2070f8ff93d299e6b374b322a10cb7 (UNKNOWN)
  features: no-check-cheby, no-check-newton, no-parallel-ham, parallel-oct, backtraces
  compiled with ifort on Tue Mar 22 18:10:49 2016 on host mlhpc2

*** Read config file ./config ***
*** Done reading config file ***

*** Transmon Parameters ***
[RWA]
Cavity Detuning      det_c   =  267.500 MHz
Qubit 1 Detuning     det_1   =   67.500 MHz
Qubit 1 Detuning     det_2   =  -32.500 MHz
Qubit 1 Anharmonicity alpha_1 = -290.000 MHz
Qubit 1 Anharmonicity alpha_2 = -310.000 MHz
Qubit-Qubit Coupling J_qubit  =    0.000 MHz
Left Qubit-Cavity g_1         =   70.000 MHz
Right Qubit-Cavity g_2        =   70.000 MHz
Left Qubit Decay gamma_1      =    0.012 MHz
Right Qubit Decay gamma_1     =    0.012 MHz
Cavity Decay kappa            =    0.050 MHz

Number of qubit levels        =    5
Number of cavity levels       =    6

*** Grid Initialization ***
Using dummy grid (ignoring config)
  Initializing fake 1x1 grid

*** Generate Hamiltonian ***
Hamiltonian is generated from transmon parameters

Written out drift hamiltonian to ham_drift.dat

Written out control hamiltonian to ham_ctrl.dat

*** Generate Logical States ***
 
Logical eigenstates written to 'logical_eigenstates.dat'
 

Done: Tue Apr 26 20:23:12 -0700 2016
**** rewrite_dissipation.py
**** tm_en_logical_eigenstates.py .
**** tm_en_prop .
*** Read config file ./config ***
*** Done reading config file ***
Number of qubit levels        =    5
Number of cavity levels       =    6
Starting on Tue Apr 26 20:23:12 -0700 2016

This is tm_en_prop rev.03508eb57aa9da474d018ba0a80756003104b893
 compiled on Tue Mar 22 18:27:41 2016 on host mlhpc2
QDYN 2.0dev revision 50b2d685df2070f8ff93d299e6b374b322a10cb7 (UNKNOWN)
  features: no-check-cheby, no-check-newton, no-parallel-ham, parallel-oct, backtraces
  compiled with ifort on Tue Mar 22 18:10:49 2016 on host mlhpc2

*** Pulse Initialization ***
Using pulse.dat (ignoring config)
    1 pulses in config file
    Initializing pulse 1
 
**** WARNING **** in thread 001 module qdyn_pulse_mod, routine init_pulse_file
Mismatch between pulse%is_complex and values in file
 
      setting pulse shape as flattop in [   0.000E+00,   5.000E+01]
      with t_rise =    2.000E+00, t_fall =    2.000E+00, baseline =   0.0000
*** Grid Initialization ***
Using dummy grid (ignoring config)
  Initializing fake 1x1 grid
tm_en_check_rwa.py: ALL OK
*** Read Hamiltonian ***
Reading Hamiltonian entries from ./ham_drift.dat
Reading Hamiltonian entries from ./ham_ctrl.dat

*** Reading logical basis  ***

 logical states are read from ./logical_states.dat

eigen dist 00:   0.0000E+00 nrm:   0.0000E+00 En:  0.0000E+00  0.0000E+00 MHz
eigen dist 01:   5.6778E-05 nrm:   3.1570E-01 En: -5.0245E+01 -7.1233E-03 MHz
eigen dist 10:   5.6497E-05 nrm:   3.1305E-01 En:  4.9823E+01 -7.0917E-03 MHz
eigen dist 11:   3.2731E-02 nrm:   8.2562E-04 En: -1.3043E-01 -1.4429E-02 MHz

*** Preparing Propagation ***
   -> set_oct_2q_gate_targets


*** Propagation ***
Propagating 00 state (thread  1)
Propagating 01 state (thread  2)
Propagating 11 state (thread  4)
Propagating 10 state (thread  3)
norm(psi1) =    9.9725135753853211E-01
norm(psi2) =    9.9603841667208193E-01
norm(psi3) =    9.9738483409784640E-01
norm(psi4) =    9.9550342441214501E-01

*** Maximally Populated Cavity Levels ***

Propagation  1: psi00_allpops.dat
  max pop n:    5
  with population:       1.055E-06
  at t =          12.7564 ns
  for qubit state = 00.00

Propagation  2: psi01_allpops.dat
  max pop n:    5
  with population:       1.035E-06
  at t =          12.7564 ns
  for qubit state = 00.00

Propagation  3: psi10_allpops.dat
  max pop n:    5
  with population:       1.008E-06
  at t =          42.6963 ns
  for qubit state = 00.00

Propagation  4: psi11_allpops.dat
  max pop n:    5
  with population:       1.015E-06
  at t =           8.4042 ns
  for qubit state = 00.00


Maximum populated qubit level:    3


*** Implemented Gate in canonical basis ***

U = [
{-2.08057699E-01,-6.75027040E-01}(-2.10228638E-01,-6.71250661E-01)(-3.80819879E-03, 1.11305270E-03)( 3.50485838E-04, 3.73931195E-04)
(-2.09495383E-01,-6.71517384E-01){ 2.09686958E-01, 6.72896783E-01}(-1.95791530E-03,-6.33702313E-04)(-5.16677832E-03, 2.80096445E-03)
(-6.50521981E-03, 1.38744452E-03)( 9.80653628E-04,-1.61513404E-03){-2.06800562E-01,-6.72414210E-01}(-2.09468699E-01,-6.74165125E-01)
( 2.07190426E-04, 2.30276175E-04)(-3.92021687E-03, 4.20564842E-04)(-2.08993031E-01,-6.74882114E-01){ 2.07251344E-01, 6.69976094E-01}
]
concurrence(U) =   0.01534
1-concurrence(U) =    9.846642E-01

Closest unitary gate
U_unitary = [
{-2.09406295E-01,-6.76515050E-01}(-2.10191733E-01,-6.74000887E-01)(-3.88133869E-03, 1.77843046E-03)(-8.15783380E-05, 6.28970718E-04)
(-2.09442314E-01,-6.74219443E-01){ 2.11508087E-01, 6.75859775E-01}(-2.06457116E-03,-4.31344567E-04)(-5.45485735E-03, 2.39777735E-03)
(-5.97114488E-03, 1.43661120E-03)( 1.35936907E-03,-1.19850620E-03){-2.07832382E-01,-6.73846772E-01}(-2.09836579E-01,-6.77247249E-01)
( 2.82260465E-04, 8.07081960E-04)(-4.08558922E-03, 3.96693226E-04)(-2.09197463E-01,-6.77458466E-01){ 2.08941849E-01, 6.73507365E-01}
]

Local Invariants g1, g2, g3 (U_unitary):  0.99986  0.00000  2.99973
Local Invariants g1, g2, g3 (O):  1.00000  0.00000  3.00000
concurrence(U_unitary) =   0.01544
1-concurrence(U_unitary) =    9.845621E-01

Loss of population from logical subspace:     7.581994698181438E-03

Reached diagonal phases:
phi00 = -0.59517 [pi]
phi01 =  0.40384 [pi]
phi10 = -0.59497 [pi]
phi11 =  0.40451 [pi]
chi   =  0.00047 [pi]
concurrence(chi) =   0.00073
1-concurrence(chi) =    9.992685E-01

optimal gate: target_gate.dat
F_sm      :     9.923799346562525E-01
F_avg     :     9.923875487853657E-01
Infidelity:     7.612451214634275E-03

*** Implemented Gate with cavity traced out ***

norm(psi_red1) =    1.0000000000000002E+00
norm(psi_red2) =    1.0000000000000002E+00
norm(psi_red3) =    9.9999999999999989E-01
norm(psi_red4) =    9.9999999999999989E-01
U_red = [
{-1.73397133E-01,-5.92591638E-01}(-2.40417720E-01,-7.47513986E-01)( 3.16616675E-02, 1.06961659E-01)( 6.42924047E-02, 2.06389693E-01)
(-1.86763597E-01,-5.82963593E-01){ 2.35941112E-01, 7.55268713E-01}( 6.69238895E-02, 2.30477883E-01)(-6.81061745E-02,-2.01626259E-01)
( 4.94154431E-02, 1.84965620E-01)( 5.06758923E-02, 1.42273266E-01){-1.90993808E-01,-6.27779774E-01}(-2.22742627E-01,-7.22974489E-01)
( 5.67759007E-02, 1.83752491E-01)(-8.43607957E-02,-2.47455433E-01)(-1.95551973E-01,-6.26326568E-01){ 2.28955409E-01, 7.16134684E-01}
]


Done: Tue Apr 26 20:23:14 -0700 2016
